[device] cuda
[data] train=50000 val=10000
[model] 5.40M params; quantizer=rotation
[     0/2000] loss=0.3822 recon=0.3804 commit=0.0018 psnr=7.25dB usage=1.000 perp=900.6 lr=1.60e-03 13.4s
[   100/2000] loss=0.1244 recon=0.1238 commit=0.0006 psnr=16.50dB usage=0.438 perp=156.3 lr=1.59e-03 28.5s
[   200/2000] loss=0.1001 recon=0.0999 commit=0.0002 psnr=18.02dB usage=0.438 perp=177.1 lr=1.56e-03 45.1s
[   300/2000] loss=0.0915 recon=0.0914 commit=0.0001 psnr=18.78dB usage=0.390 perp=181.5 lr=1.51e-03 61.9s
[   400/2000] loss=0.0932 recon=0.0931 commit=0.0002 psnr=18.60dB usage=0.533 perp=265.0 lr=1.45e-03 78.6s
[   500/2000] loss=0.0775 recon=0.0773 commit=0.0002 psnr=20.09dB usage=0.849 perp=613.6 lr=1.36e-03 92.1s
[val 500] recon_l1=0.0781 psnr=19.96dB ssim=0.6631 usage=0.880 perp=618.0 (7.5s)
[   600/2000] loss=0.0746 recon=0.0742 commit=0.0004 psnr=20.38dB usage=0.882 perp=567.2 lr=1.27e-03 114.3s
[   700/2000] loss=0.0620 recon=0.0615 commit=0.0004 psnr=21.98dB usage=0.893 perp=522.6 lr=1.16e-03 130.7s
[   800/2000] loss=0.0610 recon=0.0606 commit=0.0003 psnr=22.04dB usage=0.931 perp=581.7 lr=1.05e-03 145.0s
[   900/2000] loss=0.0569 recon=0.0566 commit=0.0003 psnr=22.59dB usage=0.947 perp=632.4 lr=9.24e-04 163.6s
[  1000/2000] loss=0.0554 recon=0.0551 commit=0.0003 psnr=22.84dB usage=0.972 perp=624.9 lr=7.99e-04 179.3s
[val 1000] recon_l1=0.0560 psnr=22.72dB ssim=0.7772 usage=0.986 perp=628.7 (7.2s)
[  1100/2000] loss=0.0528 recon=0.0525 commit=0.0003 psnr=23.15dB usage=0.986 perp=672.5 lr=6.74e-04 202.0s
[  1200/2000] loss=0.0516 recon=0.0514 commit=0.0003 psnr=23.31dB usage=0.990 perp=703.0 lr=5.52e-04 217.7s
[  1300/2000] loss=0.0511 recon=0.0509 commit=0.0002 psnr=23.36dB usage=0.990 perp=714.4 lr=4.36e-04 232.2s
[  1400/2000] loss=0.0497 recon=0.0496 commit=0.0002 psnr=23.55dB usage=0.990 perp=735.1 lr=3.30e-04 245.5s
[  1500/2000] loss=0.0491 recon=0.0489 commit=0.0002 psnr=23.68dB usage=0.992 perp=742.1 lr=2.34e-04 258.9s
[val 1500] recon_l1=0.0490 psnr=23.67dB ssim=0.8023 usage=0.997 perp=755.2 (5.1s)
[  1600/2000] loss=0.0480 recon=0.0479 commit=0.0002 psnr=23.85dB usage=0.995 perp=766.6 lr=1.53e-04 277.2s
[  1700/2000] loss=0.0480 recon=0.0479 commit=0.0002 psnr=23.89dB usage=0.994 perp=765.9 lr=8.76e-05 290.7s
[  1800/2000] loss=0.0483 recon=0.0481 commit=0.0002 psnr=23.78dB usage=0.994 perp=779.8 lr=3.97e-05 304.1s
[  1900/2000] loss=0.0479 recon=0.0478 commit=0.0002 psnr=23.88dB usage=0.994 perp=793.5 lr=1.06e-05 317.6s
[val 2000] recon_l1=0.0478 psnr=23.85dB ssim=0.8074 usage=1.000 perp=807.0 (6.0s)
[done] total steps=2000 elapsed=337.1s
