[device] cuda
[data] train=50000 val=10000
[model] 5.40M params; quantizer=rotation
[     0/2000] loss=0.3822 recon=0.3804 commit=0.0018 psnr=7.25dB usage=1.000 perp=900.6 lr=1.60e-03 11.7s
[   100/2000] loss=0.1203 recon=0.1196 commit=0.0007 psnr=16.56dB usage=0.873 perp=458.9 lr=1.59e-03 26.2s
[   200/2000] loss=0.1110 recon=0.1105 commit=0.0005 psnr=17.19dB usage=0.858 perp=488.3 lr=1.56e-03 39.9s
[   300/2000] loss=0.0962 recon=0.0960 commit=0.0003 psnr=18.43dB usage=0.750 perp=404.3 lr=1.51e-03 53.9s
[   400/2000] loss=0.0872 recon=0.0871 commit=0.0001 psnr=19.13dB usage=0.627 perp=383.3 lr=1.45e-03 67.7s
[   500/2000] loss=0.0824 recon=0.0823 commit=0.0001 psnr=19.62dB usage=0.787 perp=506.0 lr=1.36e-03 81.4s
[val 500] recon_l1=0.0819 psnr=19.59dB ssim=0.6441 usage=0.864 perp=503.2 (6.7s)
[   600/2000] loss=0.0721 recon=0.0717 commit=0.0004 psnr=20.66dB usage=0.907 perp=747.2 lr=1.27e-03 101.9s
[   700/2000] loss=0.0690 recon=0.0686 commit=0.0004 psnr=21.13dB usage=0.910 perp=613.4 lr=1.16e-03 115.3s
[   800/2000] loss=0.0624 recon=0.0622 commit=0.0002 psnr=21.90dB usage=0.927 perp=641.1 lr=1.05e-03 131.6s
[   900/2000] loss=0.0684 recon=0.0681 commit=0.0003 psnr=21.11dB usage=0.886 perp=393.6 lr=9.24e-04 148.7s
[  1000/2000] loss=0.0646 recon=0.0645 commit=0.0002 psnr=21.55dB usage=0.921 perp=338.6 lr=7.99e-04 164.3s
[val 1000] recon_l1=0.0637 psnr=21.61dB ssim=0.7274 usage=0.959 perp=355.4 (6.9s)
[  1100/2000] loss=0.0781 recon=0.0779 commit=0.0002 psnr=19.97dB usage=0.828 perp=185.3 lr=6.74e-04 184.3s
[  1200/2000] loss=0.0731 recon=0.0731 commit=0.0001 psnr=20.40dB usage=0.755 perp=146.1 lr=5.52e-04 197.6s
[  1300/2000] loss=0.0724 recon=0.0724 commit=0.0001 psnr=20.47dB usage=0.759 perp=143.4 lr=4.36e-04 210.8s
[  1400/2000] loss=0.0716 recon=0.0715 commit=0.0001 psnr=20.51dB usage=0.589 perp=118.0 lr=3.30e-04 223.6s
[  1500/2000] loss=0.0716 recon=0.0716 commit=0.0001 psnr=20.61dB usage=0.557 perp=99.3 lr=2.34e-04 237.2s
[val 1500] recon_l1=0.0709 psnr=20.64dB ssim=0.6611 usage=0.645 perp=106.5 (5.3s)
[  1600/2000] loss=0.0705 recon=0.0705 commit=0.0000 psnr=20.72dB usage=0.519 perp=107.0 lr=1.53e-04 256.8s
[  1700/2000] loss=0.0701 recon=0.0701 commit=0.0000 psnr=20.78dB usage=0.462 perp=103.0 lr=8.76e-05 271.8s
[  1800/2000] loss=0.0708 recon=0.0708 commit=0.0000 psnr=20.64dB usage=0.420 perp=103.3 lr=3.97e-05 286.7s
[  1900/2000] loss=0.0703 recon=0.0703 commit=0.0000 psnr=20.71dB usage=0.421 perp=105.1 lr=1.06e-05 303.6s
[val 2000] recon_l1=0.0701 psnr=20.73dB ssim=0.6647 usage=0.429 perp=102.1 (7.0s)
[done] total steps=2000 elapsed=329.8s
