[device] cuda
[data] train=50000 val=10000
[model] 5.40M params; quantizer=rotation
[     0/2000] loss=-1.6936 recon=0.3804 commit=0.0018 psnr=7.25dB usage=1.000 perp=900.6 lr=1.60e-03 12.8s
[   100/2000] loss=-1.9635 recon=0.1108 commit=0.0009 psnr=17.34dB usage=0.744 perp=530.4 lr=1.59e-03 29.3s
[   200/2000] loss=-1.9797 recon=0.0956 commit=0.0009 psnr=18.45dB usage=0.734 perp=558.3 lr=1.56e-03 45.2s
[   300/2000] loss=-1.9889 recon=0.0878 commit=0.0007 psnr=19.08dB usage=0.803 perp=652.0 lr=1.51e-03 61.2s
[   400/2000] loss=-1.9926 recon=0.0836 commit=0.0011 psnr=19.57dB usage=0.880 perp=691.2 lr=1.45e-03 75.2s
[   500/2000] loss=-2.0091 recon=0.0687 commit=0.0007 psnr=21.20dB usage=0.911 perp=765.4 lr=1.36e-03 88.8s
[val 500] recon_l1=0.0698 psnr=21.03dB ssim=0.7469 usage=0.948 perp=777.8 (7.8s)
[   600/2000] loss=-2.0120 recon=0.0659 commit=0.0009 psnr=21.46dB usage=0.963 perp=822.9 lr=1.27e-03 110.9s
[   700/2000] loss=-2.0172 recon=0.0612 commit=0.0007 psnr=22.04dB usage=0.990 perp=878.9 lr=1.16e-03 126.6s
[   800/2000] loss=-2.0074 recon=0.0707 commit=0.0007 psnr=20.99dB usage=0.999 perp=889.9 lr=1.05e-03 143.1s
[   900/2000] loss=-2.0174 recon=0.0608 commit=0.0008 psnr=21.98dB usage=0.998 perp=882.0 lr=9.24e-04 158.2s
[  1000/2000] loss=-2.0183 recon=0.0595 commit=0.0007 psnr=22.19dB usage=1.000 perp=900.4 lr=7.99e-04 174.7s
[val 1000] recon_l1=0.0612 psnr=21.97dB ssim=0.7676 usage=1.000 perp=914.5 (6.9s)
[  1100/2000] loss=-2.0129 recon=0.0653 commit=0.0009 psnr=21.43dB usage=1.000 perp=880.1 lr=6.74e-04 195.6s
[  1200/2000] loss=-2.0129 recon=0.0650 commit=0.0007 psnr=21.35dB usage=1.000 perp=884.6 lr=5.52e-04 209.4s
[  1300/2000] loss=-2.0104 recon=0.0678 commit=0.0008 psnr=21.04dB usage=1.000 perp=893.1 lr=4.36e-04 223.0s
[  1400/2000] loss=-2.0091 recon=0.0692 commit=0.0009 psnr=20.75dB usage=1.000 perp=902.1 lr=3.30e-04 237.7s
[  1500/2000] loss=-2.0082 recon=0.0700 commit=0.0008 psnr=20.67dB usage=1.000 perp=909.0 lr=2.34e-04 253.2s
[val 1500] recon_l1=0.0698 psnr=20.68dB ssim=0.6641 usage=1.000 perp=906.5 (4.2s)
[  1600/2000] loss=-2.0060 recon=0.0722 commit=0.0009 psnr=20.37dB usage=1.000 perp=893.5 lr=1.53e-04 272.5s
[  1700/2000] loss=-2.0054 recon=0.0725 commit=0.0009 psnr=20.42dB usage=1.000 perp=920.7 lr=8.76e-05 289.3s
[  1800/2000] loss=-2.0024 recon=0.0756 commit=0.0009 psnr=20.01dB usage=1.000 perp=899.9 lr=3.97e-05 303.8s
[  1900/2000] loss=-2.0032 recon=0.0750 commit=0.0009 psnr=20.07dB usage=1.000 perp=908.8 lr=1.06e-05 318.4s
[val 2000] recon_l1=0.0747 psnr=20.09dB ssim=0.6191 usage=1.000 perp=912.1 (6.9s)
[done] total steps=2000 elapsed=343.4s
