[device] cuda
[data] train=50000 val=10000
[model] 5.40M params; quantizer=rotation
[     0/2000] loss=0.3822 recon=0.3804 commit=0.0018 psnr=7.25dB usage=1.000 perp=900.6 lr=1.60e-03 12.5s
[   100/2000] loss=0.1161 recon=0.1154 commit=0.0006 psnr=16.96dB usage=0.938 perp=648.7 lr=1.59e-03 27.3s
[   200/2000] loss=0.0946 recon=0.0944 commit=0.0002 psnr=18.51dB usage=0.898 perp=524.7 lr=1.56e-03 40.6s
[   300/2000] loss=0.0960 recon=0.0959 commit=0.0001 psnr=18.32dB usage=0.884 perp=528.7 lr=1.51e-03 53.8s
[   400/2000] loss=0.0853 recon=0.0851 commit=0.0002 psnr=19.31dB usage=0.903 perp=600.6 lr=1.45e-03 67.9s
[   500/2000] loss=0.0836 recon=0.0829 commit=0.0006 psnr=19.74dB usage=0.849 perp=593.6 lr=1.36e-03 80.8s
[val 500] recon_l1=0.0790 psnr=19.87dB ssim=0.6809 usage=0.985 perp=783.6 (5.7s)
[   600/2000] loss=0.0705 recon=0.0703 commit=0.0002 psnr=20.86dB usage=0.954 perp=727.1 lr=1.27e-03 100.5s
[   700/2000] loss=0.0815 recon=0.0813 commit=0.0002 psnr=19.74dB usage=0.954 perp=602.4 lr=1.16e-03 113.5s
[   800/2000] loss=0.0628 recon=0.0626 commit=0.0002 psnr=21.82dB usage=0.964 perp=608.5 lr=1.05e-03 126.9s
[   900/2000] loss=0.0933 recon=0.0930 commit=0.0003 psnr=18.45dB usage=0.633 perp=145.0 lr=9.24e-04 140.2s
[  1000/2000] loss=0.0928 recon=0.0900 commit=0.0028 psnr=18.89dB usage=0.443 perp=136.5 lr=7.99e-04 155.2s
[val 1000] recon_l1=0.0896 psnr=18.85dB ssim=0.5982 usage=0.542 perp=163.9 (7.2s)
[  1100/2000] loss=0.0866 recon=0.0862 commit=0.0004 psnr=19.06dB usage=0.233 perp=67.3 lr=6.74e-04 178.8s
[  1200/2000] loss=0.0806 recon=0.0805 commit=0.0001 psnr=19.65dB usage=0.183 perp=77.2 lr=5.52e-04 192.7s
[  1300/2000] loss=0.0774 recon=0.0774 commit=0.0001 psnr=19.98dB usage=0.180 perp=77.3 lr=4.36e-04 208.8s
[  1400/2000] loss=0.0736 recon=0.0735 commit=0.0000 psnr=20.33dB usage=0.166 perp=76.1 lr=3.30e-04 223.4s
[  1500/2000] loss=0.0733 recon=0.0732 commit=0.0000 psnr=20.39dB usage=0.170 perp=78.2 lr=2.34e-04 239.0s
[val 1500] recon_l1=0.0742 psnr=20.29dB ssim=0.6425 usage=0.209 perp=90.8 (6.2s)
[  1600/2000] loss=0.0728 recon=0.0727 commit=0.0000 psnr=20.46dB usage=0.182 perp=86.4 lr=1.53e-04 260.7s
[  1700/2000] loss=0.0714 recon=0.0714 commit=0.0000 psnr=20.62dB usage=0.185 perp=79.1 lr=8.76e-05 276.3s
[  1800/2000] loss=0.0723 recon=0.0723 commit=0.0000 psnr=20.47dB usage=0.194 perp=88.8 lr=3.97e-05 289.7s
[  1900/2000] loss=0.0718 recon=0.0718 commit=0.0000 psnr=20.52dB usage=0.178 perp=87.2 lr=1.06e-05 302.8s
[val 2000] recon_l1=0.0714 psnr=20.56dB ssim=0.6506 usage=0.184 perp=81.3 (4.0s)
[done] total steps=2000 elapsed=319.8s
