[device] cuda
[data] train=50000 val=10000
[model] 5.40M params; quantizer=rotation
[     0/2000] loss=0.3822 recon=0.3804 commit=0.0018 psnr=7.25dB usage=1.000 perp=900.6 lr=1.60e-03 11.5s
[   100/2000] loss=0.1065 recon=0.1061 commit=0.0004 psnr=17.57dB usage=0.661 perp=295.3 lr=1.59e-03 25.8s
[   200/2000] loss=0.0970 recon=0.0967 commit=0.0003 psnr=18.35dB usage=0.587 perp=289.5 lr=1.56e-03 42.0s
[   300/2000] loss=0.0876 recon=0.0874 commit=0.0002 psnr=19.20dB usage=0.608 perp=306.0 lr=1.51e-03 56.8s
[   400/2000] loss=0.0855 recon=0.0854 commit=0.0001 psnr=19.24dB usage=0.687 perp=370.9 lr=1.45e-03 70.6s
[   500/2000] loss=0.0769 recon=0.0768 commit=0.0001 psnr=20.09dB usage=0.785 perp=510.9 lr=1.36e-03 84.0s
[val 500] recon_l1=0.0800 psnr=19.69dB ssim=0.6503 usage=0.853 perp=514.2 (5.6s)
[   600/2000] loss=0.0701 recon=0.0693 commit=0.0008 psnr=20.95dB usage=0.835 perp=396.3 lr=1.27e-03 103.5s
[   700/2000] loss=0.0678 recon=0.0667 commit=0.0011 psnr=21.35dB usage=0.847 perp=359.3 lr=1.16e-03 116.3s
[   800/2000] loss=0.0599 recon=0.0590 commit=0.0009 psnr=22.30dB usage=0.890 perp=432.5 lr=1.05e-03 129.0s
[   900/2000] loss=0.0593 recon=0.0586 commit=0.0007 psnr=22.39dB usage=0.917 perp=494.4 lr=9.24e-04 142.7s
[  1000/2000] loss=0.0556 recon=0.0550 commit=0.0006 psnr=22.94dB usage=0.947 perp=549.5 lr=7.99e-04 155.5s
[val 1000] recon_l1=0.0544 psnr=22.91dB ssim=0.7883 usage=0.968 perp=555.1 (4.1s)
[  1100/2000] loss=0.0573 recon=0.0567 commit=0.0006 psnr=22.61dB usage=0.959 perp=573.9 lr=6.74e-04 172.3s
[  1200/2000] loss=0.0526 recon=0.0521 commit=0.0006 psnr=23.25dB usage=0.976 perp=619.7 lr=5.52e-04 185.4s
[  1300/2000] loss=0.0519 recon=0.0514 commit=0.0005 psnr=23.32dB usage=0.978 perp=655.1 lr=4.36e-04 198.7s
[  1400/2000] loss=0.0500 recon=0.0495 commit=0.0005 psnr=23.57dB usage=0.992 perp=679.2 lr=3.30e-04 213.5s
[  1500/2000] loss=0.0491 recon=0.0486 commit=0.0005 psnr=23.74dB usage=0.992 perp=703.6 lr=2.34e-04 228.5s
[val 1500] recon_l1=0.0487 psnr=23.73dB ssim=0.8026 usage=0.994 perp=705.6 (6.0s)
[  1600/2000] loss=0.0481 recon=0.0477 commit=0.0004 psnr=23.88dB usage=0.992 perp=720.8 lr=1.53e-04 249.0s
[  1700/2000] loss=0.0480 recon=0.0476 commit=0.0004 psnr=23.94dB usage=0.997 perp=738.5 lr=8.76e-05 262.8s
[  1800/2000] loss=0.0485 recon=0.0480 commit=0.0004 psnr=23.80dB usage=0.996 perp=748.8 lr=3.97e-05 278.0s
[  1900/2000] loss=0.0479 recon=0.0475 commit=0.0004 psnr=23.93dB usage=0.998 perp=769.3 lr=1.06e-05 292.9s
[val 2000] recon_l1=0.0476 psnr=23.90dB ssim=0.8078 usage=0.999 perp=788.3 (5.9s)
[done] total steps=2000 elapsed=314.0s
